{
  "RSpec": {
    "coverage": {
      "/home/juanma/meta_blog/meta_blog/backend/config/environment.rb": [
        null,
        1,
        null,
        null,
        1
      ],
      "/home/juanma/meta_blog/meta_blog/backend/config/application.rb": [
        1,
        null,
        1,
        null,
        1,
        null,
        1,
        null,
        null,
        null,
        null,
        1,
        1,
        null,
        null,
        null,
        null,
        null,
        null,
        null,
        null,
        null,
        null,
        null,
        null,
        null,
        null,
        null,
        null,
        null,
        null,
        null,
        null,
        null,
        null,
        null,
        1,
        null,
        null,
        1,
        null,
        null,
        1,
        null,
        null,
        null,
        null,
        null,
        null,
        null,
        null,
        null,
        null,
        null,
        null,
        null,
        1,
        null,
        null,
        1,
        null,
        null
      ],
      "/home/juanma/meta_blog/meta_blog/backend/config/boot.rb": [
        1,
        null,
        null,
        1,
        null,
        1
      ],
      "/home/juanma/meta_blog/meta_blog/backend/config/environments/test.rb": [
        1,
        null,
        null,
        null,
        null,
        null,
        null,
        1,
        null,
        null,
        1,
        1,
        null,
        null,
        null,
        1,
        null,
        null,
        1,
        1,
        null,
        null,
        1,
        null,
        null,
        1,
        null,
        null,
        null,
        null,
        1,
        null,
        null,
        null,
        null,
        null,
        1,
        null
      ],
      "/home/juanma/meta_blog/meta_blog/backend/config/initializers/backtrace_silencers.rb": [
        null,
        null,
        null,
        null,
        null,
        null,
        null
      ],
      "/home/juanma/meta_blog/meta_blog/backend/config/initializers/inflections.rb": [
        null,
        null,
        null,
        null,
        null,
        null,
        null,
        null,
        null,
        null,
        null,
        null,
        null,
        null,
        null
      ],
      "/home/juanma/meta_blog/meta_blog/backend/config/initializers/mime_types.rb": [
        null,
        null,
        null,
        null,
        null
      ],
      "/home/juanma/meta_blog/meta_blog/backend/config/initializers/secret_token.rb": [
        null,
        null,
        null,
        null,
        null,
        null,
        1
      ],
      "/home/juanma/meta_blog/meta_blog/backend/config/initializers/session_store.rb": [
        null,
        null,
        1,
        null,
        null,
        null,
        null,
        null
      ],
      "/home/juanma/meta_blog/meta_blog/backend/config/initializers/wrap_parameters.rb": [
        null,
        null,
        null,
        null,
        null,
        null,
        1,
        1,
        null,
        null,
        null,
        1,
        1,
        null
      ],
      "/home/juanma/meta_blog/meta_blog/backend/config/routes.rb": [
        1,
        null,
        1,
        1,
        1,
        1,
        1,
        null,
        null,
        null,
        null,
        null,
        null,
        null,
        null,
        null,
        null,
        null,
        null,
        null,
        null,
        null,
        null,
        null,
        null,
        null,
        null,
        null,
        null,
        null,
        null,
        null,
        null,
        null,
        null,
        null,
        null,
        null,
        null,
        null,
        null,
        null,
        null,
        null,
        null,
        null,
        null,
        null,
        null,
        null,
        null,
        null,
        null,
        null,
        null,
        null,
        null,
        null,
        null,
        null,
        null,
        null,
        null,
        null,
        null,
        null,
        null,
        null,
        null,
        null,
        null,
        null
      ],
      "/home/juanma/meta_blog/meta_blog/backend/app/helpers/application_helper.rb": [
        1,
        1,
        4,
        2,
        null,
        2,
        null,
        null,
        null,
        1,
        2,
        2,
        null,
        null,
        null,
        1,
        6,
        4,
        4,
        null,
        2,
        null,
        null,
        null,
        null
      ],
      "/home/juanma/meta_blog/meta_blog/backend/app/helpers/blog_entry_helper.rb": [
        1,
        null
      ],
      "/home/juanma/meta_blog/meta_blog/backend/app/helpers/posts_helper.rb": [
        1,
        null
      ],
      "/home/juanma/meta_blog/meta_blog/backend/app/controllers/blog_entries_controller.rb": [
        1,
        null,
        1,
        null,
        1,
        2,
        null,
        2,
        null,
        null,
        1,
        1,
        null,
        1,
        null,
        null,
        1,
        2,
        null,
        2,
        null,
        null,
        1,
        1,
        null,
        1,
        null,
        null,
        1,
        2,
        null,
        null,
        1,
        null
      ],
      "/home/juanma/meta_blog/meta_blog/backend/app/controllers/application_controller.rb": [
        1,
        1,
        null
      ],
      "/home/juanma/meta_blog/meta_blog/backend/app/controllers/comments_controller.rb": [
        1,
        null,
        1,
        null,
        1,
        2,
        2,
        null,
        2,
        null,
        null,
        1,
        1,
        null,
        1,
        null,
        null,
        1,
        2,
        null,
        2,
        null,
        null,
        1,
        1,
        null,
        1,
        null,
        null,
        1,
        null,
        1,
        2,
        null,
        null
      ],
      "/home/juanma/meta_blog/meta_blog/backend/app/models/blog_entry.rb": [
        1,
        1,
        null,
        1,
        null,
        null,
        null,
        null,
        null,
        null,
        null,
        null
      ],
      "/home/juanma/meta_blog/meta_blog/backend/app/models/comment.rb": [
        1,
        null,
        1,
        null,
        1,
        null
      ]
    },
    "timestamp": 1409389953
  }
}
